PHASE 2: STATE-DRIVEN HITL ARCHITECTURE TEST REPORT
============================================================

Generated: 2025-07-22 13:12:35

TEST SUMMARY
--------------------
Total Tests: 0
Passed: 0
Failed: 0
Errors: 0
Skipped: 0

TEST CATEGORIES COVERED
-------------------------
‚úì State-driven tool behavior (STATE_DRIVEN_CONFIRMATION_REQUIRED)
‚úì Employee agent state population and handling
‚úì State-driven routing logic (confirmation_data presence)
‚úì Dedicated HITL node functionality
‚úì Interrupt mechanism with approval/denial flows
‚úì Side effect protection (confirmation_result)
‚úì Centralized response handling in employee agent
‚úì HITL resumption detection and cleanup
‚úì Phase 1 integration (user verification still works)
‚úì Graph flow validation (employee ‚Üí HITL ‚Üí employee ‚Üí END)

KEY ARCHITECTURE FEATURES VALIDATED
--------------------------------------
üîß Tool returns confirmation data instead of handling interrupts
üîÑ Employee agent populates confirmation_data in AgentState
üéØ Routing detects state presence for implicit routing decisions
‚ö° HITL node combines interrupt + delivery in atomic operation
üõ°Ô∏è Side effect protection prevents message re-delivery
üîÑ Clean graph flow with centralized response handling
‚ú® State cleanup maintains minimal footprint philosophy

FULL COMMAND OUTPUT
--------------------
STDOUT:
============================= test session starts ==============================
platform darwin -- Python 3.13.4, pytest-8.4.1, pluggy-1.6.0 -- /Users/vinperez/Desktop/agent-tobi-rag/venv/bin/python3
cachedir: .pytest_cache
rootdir: /Users/vinperez/Desktop/agent-tobi-rag/tests
plugins: anyio-4.9.0, mock-3.14.1, langsmith-0.3.45, asyncio-0.26.0
asyncio: mode=Mode.STRICT, asyncio_default_fixture_loop_scope=None, asyncio_default_test_loop_scope=function
collecting ... collected 13 items

test_phase2_state_driven_hitl.py::TestStateDrivenCustomerMessageTool::test_tool_returns_state_driven_confirmation_required PASSED
test_phase2_state_driven_hitl.py::TestStateDrivenCustomerMessageTool::test_tool_validates_employee_access_only PASSED
test_phase2_state_driven_hitl.py::TestStateDrivenCustomerMessageTool::test_tool_validates_message_content PASSED
test_phase2_state_driven_hitl.py::TestEmployeeAgentStateDrivenHandling::test_employee_agent_populates_confirmation_data ‚úÖ LangSmith tracing enabled for project: salesperson-copilot-rag

         üîç RETRIEVING CROSS-CONVERSATION CONTEXT:
            üë§ User: emp123
            ‚úÖ Found user context
FAILED
test_phase2_state_driven_hitl.py::TestEmployeeAgentStateDrivenHandling::test_employee_agent_handles_hitl_resumption ‚úÖ LangSmith tracing enabled for project: salesperson-copilot-rag
PASSED
test_phase2_state_driven_hitl.py::TestStateDrivenRouting::test_routing_detects_confirmation_data_presence ‚úÖ LangSmith tracing enabled for project: salesperson-copilot-rag
PASSED
test_phase2_state_driven_hitl.py::TestDedicatedHITLNode::test_hitl_node_detects_missing_confirmation_data ‚úÖ LangSmith tracing enabled for project: salesperson-copilot-rag
PASSED
test_phase2_state_driven_hitl.py::TestDedicatedHITLNode::test_hitl_node_side_effect_protection ‚úÖ LangSmith tracing enabled for project: salesperson-copilot-rag
PASSED
test_phase2_state_driven_hitl.py::TestDedicatedHITLNode::test_hitl_node_interrupt_and_delivery_approved ‚úÖ LangSmith tracing enabled for project: salesperson-copilot-rag
PASSED
test_phase2_state_driven_hitl.py::TestDedicatedHITLNode::test_hitl_node_interrupt_and_delivery_denied ‚úÖ LangSmith tracing enabled for project: salesperson-copilot-rag
PASSED
test_phase2_state_driven_hitl.py::TestPhase2Integration::test_phase1_user_verification_still_works ‚úÖ LangSmith tracing enabled for project: salesperson-copilot-rag
PASSED
test_phase2_state_driven_hitl.py::TestPhase2Integration::test_customer_agent_routes_directly_to_end ‚úÖ LangSmith tracing enabled for project: salesperson-copilot-rag
PASSED
test_phase2_state_driven_hitl.py::TestGraphFlowIntegration::test_complete_employee_message_flow ‚úÖ LangSmith tracing enabled for project: salesperson-copilot-rag
FAILED

=================================== FAILURES ===================================
_ TestEmployeeAgentStateDrivenHandling.test_employee_agent_populates_confirmation_data _
test_phase2_state_driven_hitl.py:163: in test_employee_agent_populates_confirmation_data
    assert result["confirmation_data"] is not None
E   assert None is not None
------------------------------ Captured log call -------------------------------
ERROR    agents.tobi_sales_copilot.rag_agent:rag_agent.py:750 [EMPLOYEE_AGENT_NODE] Error in employee agent node: __name__
_________ TestGraphFlowIntegration.test_complete_employee_message_flow _________
test_phase2_state_driven_hitl.py:487: in test_complete_employee_message_flow
    assert "STATE_DRIVEN_CONFIRMATION_REQUIRED" in tool_result
E   AssertionError: assert 'STATE_DRIVEN_CONFIRMATION_REQUIRED' in 'I apologize, but customer messaging is only available to employees. Please contact your administrator if you need assistance.'
------------------------------ Captured log call -------------------------------
WARNING  agents.tools:tools.py:1293 [CUSTOMER_MESSAGE] Non-employee user (None) attempted to use customer messaging tool
=============================== warnings summary ===============================
../venv/lib/python3.13/site-packages/pydantic/fields.py:1093: 60 warnings
  /Users/vinperez/Desktop/agent-tobi-rag/venv/lib/python3.13/site-packages/pydantic/fields.py:1093: PydanticDeprecatedSince20: Using extra keyword arguments on `Field` is deprecated and will be removed. Use `json_schema_extra` instead. (Extra keys: 'env'). Deprecated in Pydantic V2.0 to be removed in V3.0. See Pydantic V2 Migration Guide at https://errors.pydantic.dev/2.11/migration/
    warn(

test_phase2_state_driven_hitl.py::TestEmployeeAgentStateDrivenHandling::test_employee_agent_populates_confirmation_data
  /Users/vinperez/Desktop/agent-tobi-rag/tests/../backend/agents/memory.py:2271: DeprecationWarning: datetime.datetime.utcnow() is deprecated and scheduled for removal in a future version. Use timezone-aware objects to represent datetimes in UTC: datetime.datetime.now(datetime.UTC).
    cutoff_date = (datetime.utcnow() - timedelta(days=7)).isoformat()

test_phase2_state_driven_hitl.py::TestEmployeeAgentStateDrivenHandling::test_employee_agent_populates_confirmation_data
  /Users/vinperez/Desktop/agent-tobi-rag/venv/lib/python3.13/site-packages/supabase/_sync/client.py:303: DeprecationWarning: The 'timeout' parameter is deprecated. Please configure it in the http client instead.
    return SyncPostgrestClient(

test_phase2_state_driven_hitl.py::TestEmployeeAgentStateDrivenHandling::test_employee_agent_populates_confirmation_data
  /Users/vinperez/Desktop/agent-tobi-rag/venv/lib/python3.13/site-packages/supabase/_sync/client.py:303: DeprecationWarning: The 'verify' parameter is deprecated. Please configure it in the http client instead.
    return SyncPostgrestClient(

test_phase2_state_driven_hitl.py::TestEmployeeAgentStateDrivenHandling::test_employee_agent_populates_confirmation_data
test_phase2_state_driven_hitl.py::TestEmployeeAgentStateDrivenHandling::test_employee_agent_populates_confirmation_data
  /Users/vinperez/Desktop/agent-tobi-rag/tests/../backend/agents/memory.py:933: DeprecationWarning: datetime.datetime.utcnow() is deprecated and scheduled for removal in a future version. Use timezone-aware objects to represent datetimes in UTC: datetime.datetime.now(datetime.UTC).
    cutoff_date = (datetime.utcnow() - timedelta(days=7)).isoformat()  # 7 days old

-- Docs: https://docs.pytest.org/en/stable/how-to/capture-warnings.html
- generated xml file: /Users/vinperez/Desktop/agent-tobi-rag/tests/phase2_state_driven_results.xml -
============================= slowest 10 durations =============================
3.61s call     test_phase2_state_driven_hitl.py::TestEmployeeAgentStateDrivenHandling::test_employee_agent_populates_confirmation_data
0.04s call     test_phase2_state_driven_hitl.py::TestStateDrivenCustomerMessageTool::test_tool_returns_state_driven_confirmation_required
0.01s call     test_phase2_state_driven_hitl.py::TestDedicatedHITLNode::test_hitl_node_interrupt_and_delivery_approved
0.01s call     test_phase2_state_driven_hitl.py::TestDedicatedHITLNode::test_hitl_node_interrupt_and_delivery_denied
0.01s call     test_phase2_state_driven_hitl.py::TestPhase2Integration::test_phase1_user_verification_still_works
0.01s call     test_phase2_state_driven_hitl.py::TestGraphFlowIntegration::test_complete_employee_message_flow
0.01s call     test_phase2_state_driven_hitl.py::TestEmployeeAgentStateDrivenHandling::test_employee_agent_handles_hitl_resumption
0.01s call     test_phase2_state_driven_hitl.py::TestPhase2Integration::test_customer_agent_routes_directly_to_end
0.01s call     test_phase2_state_driven_hitl.py::TestDedicatedHITLNode::test_hitl_node_side_effect_protection
0.01s call     test_phase2_state_driven_hitl.py::TestDedicatedHITLNode::test_hitl_node_detects_missing_confirmation_data
=========================== short test summary info ============================
FAILED test_phase2_state_driven_hitl.py::TestEmployeeAgentStateDrivenHandling::test_employee_agent_populates_confirmation_data
FAILED test_phase2_state_driven_hitl.py::TestGraphFlowIntegration::test_complete_employee_message_flow
================== 2 failed, 11 passed, 65 warnings in 4.43s ===================
